2021-12-29 01:51:19,200 - root - DEBUG - test
2021-12-29 01:52:24,939 - root - DEBUG - test
2021-12-29 01:52:24,940 - root - DEBUG - debug message here
2021-12-29 01:52:24,941 - root - INFO - info message here
2021-12-29 01:52:24,941 - root - WARNING - warning message here
2021-12-29 01:52:24,942 - root - ERROR - error message here
2021-12-29 01:52:24,942 - root - CRITICAL - critical message here
2021-12-30 15:26:25,159 - root - DEBUG - test
2021-12-30 15:26:25,159 - root - DEBUG - debug message here
2021-12-30 15:26:25,159 - root - INFO - info message here
2021-12-30 15:26:25,159 - root - WARNING - warning message here
2021-12-30 15:26:25,159 - root - ERROR - error message here
2021-12-30 15:26:25,159 - root - CRITICAL - critical message here
2021-12-30 15:26:28,440 - root - DEBUG - test
2021-12-30 15:26:28,440 - root - DEBUG - debug message here
2021-12-30 15:26:28,441 - root - INFO - info message here
2021-12-30 15:26:28,441 - root - WARNING - warning message here
2021-12-30 15:26:28,441 - root - ERROR - error message here
2021-12-30 15:26:28,441 - root - CRITICAL - critical message here
2021-12-30 15:26:43,425 - root - DEBUG - test
2021-12-30 15:26:43,426 - root - DEBUG - debug message here
2021-12-30 15:26:43,426 - root - INFO - info message here
2021-12-30 15:26:43,426 - root - WARNING - warning message here
2021-12-30 15:26:43,426 - root - ERROR - error message here
2021-12-30 15:26:43,426 - root - CRITICAL - critical message here
2021-12-30 15:27:13,654 - root - DEBUG - test
2021-12-30 15:27:13,654 - root - DEBUG - debug message here
2021-12-30 15:27:13,655 - root - INFO - info message here
2021-12-30 15:27:13,655 - root - WARNING - warning message here
2021-12-30 15:27:13,655 - root - ERROR - error message here
2021-12-30 15:27:13,655 - root - CRITICAL - critical message here
2021-12-30 15:27:17,209 - root - DEBUG - test
2021-12-30 15:27:17,209 - root - DEBUG - debug message here
2021-12-30 15:27:17,209 - root - INFO - info message here
2021-12-30 15:27:17,209 - root - WARNING - warning message here
2021-12-30 15:27:17,209 - root - ERROR - error message here
2021-12-30 15:27:17,209 - root - CRITICAL - critical message here
2022-01-08 00:51:29,989 - root - DEBUG - test
2022-01-08 00:51:29,989 - root - DEBUG - debug message here
2022-01-08 00:51:29,990 - root - INFO - info message here
2022-01-08 00:51:29,990 - root - WARNING - warning message here
2022-01-08 00:51:29,990 - root - ERROR - error message here
2022-01-08 00:51:29,991 - root - CRITICAL - critical message here
